<?xml version="1.0" encoding="UTF-8"?>
<testsuite name="com.cognizant.spring_learn.OrmLearnApplicationTests" tests="3" skipped="0" failures="0" errors="0" timestamp="2026-07-01T13:27:53" hostname="DESKTOP-T4H02J9" time="1.784">
  <properties/>
  <testcase name="testFindCountryByCode_NotFound()" classname="com.cognizant.spring_learn.OrmLearnApplicationTests" time="1.68"/>
  <testcase name="testFindCountryByCode_US()" classname="com.cognizant.spring_learn.OrmLearnApplicationTests" time="0.084"/>
  <testcase name="testFindCountryByCode_India()" classname="com.cognizant.spring_learn.OrmLearnApplicationTests" time="0.013"/>
  <system-out><![CDATA[18:57:41.473 [Test worker] INFO org.springframework.test.context.support.AnnotationConfigContextLoaderUtils -- Could not detect default configuration classes for test class [com.cognizant.spring_learn.OrmLearnApplicationTests]: OrmLearnApplicationTests does not declare any static, non-private, non-final, nested classes annotated with @Configuration.
18:57:41.864 [Test worker] INFO org.springframework.boot.test.context.SpringBootTestContextBootstrapper -- Found @SpringBootConfiguration com.cognizant.spring_learn.OrmLearnApplication for test class com.cognizant.spring_learn.OrmLearnApplicationTests

  .   ____          _            __ _ _
 /\\ / ___'_ __ _ _(_)_ __  __ _ \ \ \ \
( ( )\___ | '_ | '_| | '_ \/ _` | \ \ \ \
 \\/  ___)| |_)| | | | | || (_| |  ) ) ) )
  '  |____| .__|_| |_|_| |_\__, | / / / /
 =========|_|==============|___/=/_/_/_/
 :: Spring Boot ::                (v3.2.5)

2026-07-01T18:57:43.453+05:30  INFO 24304 --- [spring-learn] [    Test worker] c.c.s.OrmLearnApplicationTests           : Starting OrmLearnApplicationTests using Java 17.0.12 with PID 24304 (started by Dell in C:\Users\Dell\OneDrive\Documents\CTS\WEEK 2\Spring Data JPA with Spring Boot, Hibernate\Add a new country)
2026-07-01T18:57:43.456+05:30 DEBUG 24304 --- [spring-learn] [    Test worker] c.c.s.OrmLearnApplicationTests           : Running with Spring Boot v3.2.5, Spring v6.1.6
2026-07-01T18:57:43.459+05:30  INFO 24304 --- [spring-learn] [    Test worker] c.c.s.OrmLearnApplicationTests           : No active profile set, falling back to 1 default profile: "default"
2026-07-01T18:57:45.418+05:30  INFO 24304 --- [spring-learn] [    Test worker] .s.d.r.c.RepositoryConfigurationDelegate : Bootstrapping Spring Data JPA repositories in DEFAULT mode.
2026-07-01T18:57:45.597+05:30  INFO 24304 --- [spring-learn] [    Test worker] .s.d.r.c.RepositoryConfigurationDelegate : Finished Spring Data repository scanning in 150 ms. Found 1 JPA repository interface.
2026-07-01T18:57:46.748+05:30  INFO 24304 --- [spring-learn] [    Test worker] com.zaxxer.hikari.HikariDataSource       : HikariPool-1 - Starting...
2026-07-01T18:57:47.338+05:30  INFO 24304 --- [spring-learn] [    Test worker] com.zaxxer.hikari.pool.HikariPool        : HikariPool-1 - Added connection conn0: url=jdbc:h2:mem:countrydb user=SA
2026-07-01T18:57:47.343+05:30  INFO 24304 --- [spring-learn] [    Test worker] com.zaxxer.hikari.HikariDataSource       : HikariPool-1 - Start completed.
2026-07-01T18:57:47.688+05:30  INFO 24304 --- [spring-learn] [    Test worker] o.hibernate.jpa.internal.util.LogHelper  : HHH000204: Processing PersistenceUnitInfo [name: default]
2026-07-01T18:57:47.879+05:30  INFO 24304 --- [spring-learn] [    Test worker] org.hibernate.Version                    : HHH000412: Hibernate ORM core version 6.4.4.Final
2026-07-01T18:57:48.025+05:30  INFO 24304 --- [spring-learn] [    Test worker] o.h.c.internal.RegionFactoryInitiator    : HHH000026: Second-level cache disabled
2026-07-01T18:57:48.807+05:30  INFO 24304 --- [spring-learn] [    Test worker] o.s.o.j.p.SpringPersistenceUnitInfo      : No LoadTimeWeaver setup: ignoring JPA class transformer
2026-07-01T18:57:48.972+05:30  WARN 24304 --- [spring-learn] [    Test worker] org.hibernate.orm.deprecation            : HHH90000025: H2Dialect does not need to be specified explicitly using 'hibernate.dialect' (remove the property setting and it will be selected by default)
2026-07-01T18:57:51.177+05:30  INFO 24304 --- [spring-learn] [    Test worker] o.h.e.t.j.p.i.JtaPlatformInitiator       : HHH000489: No JTA platform available (set 'hibernate.transaction.jta.platform' to enable JTA platform integration)
2026-07-01T18:57:51.298+05:30  INFO 24304 --- [spring-learn] [    Test worker] j.LocalContainerEntityManagerFactoryBean : Initialized JPA EntityManagerFactory for persistence unit 'default'
2026-07-01T18:57:52.330+05:30  WARN 24304 --- [spring-learn] [    Test worker] JpaBaseConfiguration$JpaWebConfiguration : spring.jpa.open-in-view is enabled by default. Therefore, database queries may be performed during view rendering. Explicitly configure spring.jpa.open-in-view to disable this warning
2026-07-01T18:57:53.259+05:30  INFO 24304 --- [spring-learn] [    Test worker] o.s.b.a.h2.H2ConsoleAutoConfiguration    : H2 console available at '/h2-console'. Database available at 'jdbc:h2:mem:countrydb'
2026-07-01T18:57:53.437+05:30  INFO 24304 --- [spring-learn] [    Test worker] c.c.s.OrmLearnApplicationTests           : Started OrmLearnApplicationTests in 10.804 seconds (process running for 15.083)
2026-07-01T18:57:55.077+05:30 DEBUG 24304 --- [spring-learn] [    Test worker] org.hibernate.SQL                        : 
    select
        c1_0.co_code,
        c1_0.co_name 
    from
        country c1_0 
    where
        c1_0.co_code=?
Hibernate: 
    select
        c1_0.co_code,
        c1_0.co_name 
    from
        country c1_0 
    where
        c1_0.co_code=?
2026-07-01T18:57:55.092+05:30 TRACE 24304 --- [spring-learn] [    Test worker] org.hibernate.orm.jdbc.bind              : binding parameter (1:VARCHAR) <- [XX]
2026-07-01T18:57:55.172+05:30 DEBUG 24304 --- [spring-learn] [    Test worker] org.hibernate.SQL                        : 
    select
        c1_0.co_code,
        c1_0.co_name 
    from
        country c1_0 
    where
        c1_0.co_code=?
Hibernate: 
    select
        c1_0.co_code,
        c1_0.co_name 
    from
        country c1_0 
    where
        c1_0.co_code=?
2026-07-01T18:57:55.174+05:30 TRACE 24304 --- [spring-learn] [    Test worker] org.hibernate.orm.jdbc.bind              : binding parameter (1:VARCHAR) <- [US]
2026-07-01T18:57:55.258+05:30 DEBUG 24304 --- [spring-learn] [    Test worker] org.hibernate.SQL                        : 
    select
        c1_0.co_code,
        c1_0.co_name 
    from
        country c1_0 
    where
        c1_0.co_code=?
Hibernate: 
    select
        c1_0.co_code,
        c1_0.co_name 
    from
        country c1_0 
    where
        c1_0.co_code=?
2026-07-01T18:57:55.260+05:30 TRACE 24304 --- [spring-learn] [    Test worker] org.hibernate.orm.jdbc.bind              : binding parameter (1:VARCHAR) <- [IN]
]]></system-out>
  <system-err><![CDATA[]]></system-err>
</testsuite>
