<?xml version="1.0" encoding="UTF-8"?>
<testsuite xmlns:xsi="http://www.w3.org/2001/XMLSchema-instance" xsi:noNamespaceSchemaLocation="https://maven.apache.org/surefire/maven-surefire-plugin/xsd/surefire-test-report.xsd" version="3.0.2" name="com.cognizant.springlearn.SpringLearnApplicationTests" time="4.201" tests="1" errors="0" skipped="0" failures="0" flakes="0">
  <properties>
[...]
</properties>
  <testcase name="contextLoads" classname="com.cognizant.springlearn.SpringLearnApplicationTests" time="1.084">
    <system-out><![CDATA[20:02:10.663 [main] INFO  o.s.t.c.s.AnnotationConfigContextLoaderUtils - Could not detect default configuration classes for test class [com.cognizant.springlearn.SpringLearnApplicationTests]: SpringLearnApplicationTests does not declare any static, non-private, non-final, nested classes annotated with @Configuration.
20:02:10.806 [main] INFO  o.s.b.t.c.SpringBootTestContextBootstrapper - Found @SpringBootConfiguration com.cognizant.springlearn.SpringLearnApplication for test class com.cognizant.springlearn.SpringLearnApplicationTests
20:02:10.970 [main] INFO  o.s.t.c.s.AnnotationConfigContextLoaderUtils - Could not detect default configuration classes for test class [com.cognizant.springlearn.SpringLearnApplicationTests]: SpringLearnApplicationTests does not declare any static, non-private, non-final, nested classes annotated with @Configuration.
20:02:10.972 [main] INFO  o.s.b.t.c.SpringBootTestContextBootstrapper - Found @SpringBootConfiguration com.cognizant.springlearn.SpringLearnApplication for test class com.cognizant.springlearn.SpringLearnApplicationTests
20:02:11.061 [main] INFO  o.s.b.d.r.RestartApplicationListener - Restart disabled due to context in which it is running

  .   ____          _            __ _ _
 /\\ / ___'_ __ _ _(_)_ __  __ _ \ \ \ \
( ( )\___ | '_ | '_| | '_ \/ _` | \ \ \ \
 \\/  ___)| |_)| | | | | || (_| |  ) ) ) )
  '  |____| .__|_| |_|_| |_\__, | / / / /
 =========|_|==============|___/=/_/_/_/

 :: Spring Boot ::                (v4.1.0)

20:02:11.512 [main] INFO  c.c.s.SpringLearnApplicationTests - Starting SpringLearnApplicationTests using Java 17.0.12 with PID 21244 (started by Dell in C:\Users\Dell\OneDrive\Documents\CTS\WEEK 3\Spring Core – Load Country from Spring Configuration XML)
20:02:11.514 [main] DEBUG c.c.s.SpringLearnApplicationTests - Running with Spring Boot v4.1.0, Spring v7.0.8
20:02:11.516 [main] INFO  c.c.s.SpringLearnApplicationTests - No active profile set, falling back to 1 default profile: "default"
20:02:13.119 [main] INFO  c.c.s.SpringLearnApplicationTests - Started SpringLearnApplicationTests in 2.072 seconds (process running for 4.115)
]]></system-out>
  </testcase>
</testsuite>