<?xml version="1.0" encoding="UTF-8"?>
<testsuite name="com.example.demo.CountryServiceTests" tests="5" skipped="0" failures="0" errors="0" timestamp="2026-07-01T10:47:31.207Z" hostname="DESKTOP-T4H02J9" time="10.956">
  <properties/>
  <testcase name="testAddCountry()" classname="com.example.demo.CountryServiceTests" time="1.803"/>
  <testcase name="testDeleteCountry()" classname="com.example.demo.CountryServiceTests" time="0.057"/>
  <testcase name="testFindCountryByCode()" classname="com.example.demo.CountryServiceTests" time="0.026"/>
  <testcase name="testFindCountriesByNameContaining()" classname="com.example.demo.CountryServiceTests" time="0.17"/>
  <testcase name="testUpdateCountry()" classname="com.example.demo.CountryServiceTests" time="0.028"/>
  <system-out><![CDATA[16:17:31.566 [Test worker] INFO org.springframework.test.context.support.AnnotationConfigContextLoaderUtils -- Could not detect default configuration classes for test class [com.example.demo.CountryServiceTests]: CountryServiceTests does not declare any static, non-private, non-final, nested classes annotated with @Configuration.
16:17:31.824 [Test worker] INFO org.springframework.boot.test.context.SpringBootTestContextBootstrapper -- Found @SpringBootConfiguration com.example.demo.DemoApplication for test class com.example.demo.CountryServiceTests
16:17:32.001 [Test worker] INFO org.springframework.test.context.support.AnnotationConfigContextLoaderUtils -- Could not detect default configuration classes for test class [com.example.demo.CountryServiceTests]: CountryServiceTests does not declare any static, non-private, non-final, nested classes annotated with @Configuration.
16:17:32.005 [Test worker] INFO org.springframework.boot.test.context.SpringBootTestContextBootstrapper -- Found @SpringBootConfiguration com.example.demo.DemoApplication for test class com.example.demo.CountryServiceTests

  .   ____          _            __ _ _
 /\\ / ___'_ __ _ _(_)_ __  __ _ \ \ \ \
( ( )\___ | '_ | '_| | '_ \/ _` | \ \ \ \
 \\/  ___)| |_)| | | | | || (_| |  ) ) ) )
  '  |____| .__|_| |_|_| |_\__, | / / / /
 =========|_|==============|___/=/_/_/_/

 :: Spring Boot ::                (v4.1.0)

2026-07-01T16:17:32.643+05:30  INFO 6720 --- [demo] [    Test worker] com.example.demo.CountryServiceTests     : Starting CountryServiceTests using Java 17.0.12 with PID 6720 (started by Dell in C:\Users\Dell\OneDrive\Documents\CTS\WEEK 2\Spring Data JPA with Spring Boot, Hibernate\Implement services for managing Country)
2026-07-01T16:17:32.646+05:30  INFO 6720 --- [demo] [    Test worker] com.example.demo.CountryServiceTests     : No active profile set, falling back to 1 default profile: "default"
2026-07-01T16:17:33.702+05:30  INFO 6720 --- [demo] [    Test worker] .s.d.r.c.RepositoryConfigurationDelegate : Bootstrapping Spring Data JPA repositories in DEFAULT mode.
2026-07-01T16:17:33.811+05:30  INFO 6720 --- [demo] [    Test worker] .s.d.r.c.RepositoryConfigurationDelegate : Finished Spring Data repository scanning in 83 ms. Found 1 JPA repository interface.
2026-07-01T16:17:34.433+05:30  INFO 6720 --- [demo] [    Test worker] com.zaxxer.hikari.HikariDataSource       : HikariPool-1 - Starting...
2026-07-01T16:17:34.729+05:30  INFO 6720 --- [demo] [    Test worker] com.zaxxer.hikari.pool.HikariPool        : HikariPool-1 - Added connection conn0: url=jdbc:h2:mem:countrydb user=SA
2026-07-01T16:17:34.732+05:30  INFO 6720 --- [demo] [    Test worker] com.zaxxer.hikari.HikariDataSource       : HikariPool-1 - Start completed.
2026-07-01T16:17:35.032+05:30  INFO 6720 --- [demo] [    Test worker] org.hibernate.orm.jpa                    : HHH008540: Processing PersistenceUnitInfo [name: default]
2026-07-01T16:17:35.170+05:30  INFO 6720 --- [demo] [    Test worker] org.hibernate.orm.core                   : HHH000001: Hibernate ORM core version 7.4.1.Final
2026-07-01T16:17:36.071+05:30  INFO 6720 --- [demo] [    Test worker] o.s.o.j.p.SpringPersistenceUnitInfo      : No LoadTimeWeaver setup: ignoring JPA class transformer
2026-07-01T16:17:36.175+05:30  WARN 6720 --- [demo] [    Test worker] org.hibernate.orm.deprecation            : HHH90000025: H2Dialect does not need to be specified explicitly using 'hibernate.dialect' (remove the property setting and it will be selected by default)
2026-07-01T16:17:36.205+05:30  INFO 6720 --- [demo] [    Test worker] org.hibernate.orm.connections.pooling    : HHH10001005: Database info:
	Database JDBC URL [jdbc:h2:mem:countrydb]
	Database driver: H2 JDBC Driver
	Database dialect: H2Dialect
	Database version: 2.4.240
	Default catalog/schema: COUNTRYDB/PUBLIC
	Autocommit mode: undefined/unknown
	Isolation level: READ_COMMITTED [default READ_COMMITTED]
	JDBC fetch size: 100
	Pool: DataSourceConnectionProvider
	Minimum pool size: undefined/unknown
	Maximum pool size: undefined/unknown
2026-07-01T16:17:37.543+05:30  INFO 6720 --- [demo] [    Test worker] org.hibernate.orm.core                   : HHH000489: No JTA platform available (set 'hibernate.transaction.jta.platform' to enable JTA platform integration)
2026-07-01T16:17:37.627+05:30  INFO 6720 --- [demo] [    Test worker] j.LocalContainerEntityManagerFactoryBean : Initialized JPA EntityManagerFactory for persistence unit 'default'
2026-07-01T16:17:37.783+05:30  INFO 6720 --- [demo] [    Test worker] o.s.d.j.r.query.QueryEnhancerFactories   : Hibernate is in classpath; If applicable, HQL parser will be used.
2026-07-01T16:17:38.681+05:30  WARN 6720 --- [demo] [    Test worker] JpaBaseConfiguration$JpaWebConfiguration : spring.jpa.open-in-view is enabled by default. Therefore, database queries may be performed during view rendering. Explicitly configure spring.jpa.open-in-view to disable this warning
2026-07-01T16:17:38.753+05:30  INFO 6720 --- [demo] [    Test worker] o.s.b.w.a.WelcomePageHandlerMapping      : Adding welcome page: class path resource [static/index.html]
2026-07-01T16:17:39.653+05:30  INFO 6720 --- [demo] [    Test worker] o.s.b.h.a.H2ConsoleAutoConfiguration     : H2 console available at '/h2-console'. Database available at 'jdbc:h2:mem:countrydb'
2026-07-01T16:17:40.000+05:30  INFO 6720 --- [demo] [    Test worker] com.example.demo.CountryServiceTests     : Started CountryServiceTests in 7.855 seconds (process running for 10.581)
2026-07-01T16:17:41.633+05:30 DEBUG 6720 --- [demo] [    Test worker] org.hibernate.SQL                        : 
    /* select
        count(*) 
    from
        Country x 
    WHERE
        x.coCode = :coCode */ select
            count(*) 
        from
            country c1_0 
        where
            c1_0.co_code=?
Hibernate: 
    /* select
        count(*) 
    from
        Country x 
    WHERE
        x.coCode = :coCode */ select
            count(*) 
        from
            country c1_0 
        where
            c1_0.co_code=?
2026-07-01T16:17:41.642+05:30 TRACE 6720 --- [demo] [    Test worker] org.hibernate.orm.jdbc.bind              : binding parameter (1:VARCHAR) <- [XY]
2026-07-01T16:17:41.704+05:30 DEBUG 6720 --- [demo] [    Test worker] org.hibernate.SQL                        : 
    select
        c1_0.co_code,
        c1_0.co_name 
    from
        country c1_0 
    where
        c1_0.co_code=?
Hibernate: 
    select
        c1_0.co_code,
        c1_0.co_name 
    from
        country c1_0 
    where
        c1_0.co_code=?
2026-07-01T16:17:41.706+05:30 TRACE 6720 --- [demo] [    Test worker] org.hibernate.orm.jdbc.bind              : binding parameter (1:VARCHAR) <- [XY]
2026-07-01T16:17:41.784+05:30 DEBUG 6720 --- [demo] [    Test worker] org.hibernate.SQL                        : 
    /* insert 
    for
        com.example.demo.Country
        */insert 
    into
        country (co_name, co_code) 
    values
        (?, ?)
Hibernate: 
    /* insert 
    for
        com.example.demo.Country
        */insert 
    into
        country (co_name, co_code) 
    values
        (?, ?)
2026-07-01T16:17:41.787+05:30 TRACE 6720 --- [demo] [    Test worker] org.hibernate.orm.jdbc.bind              : binding parameter (1:VARCHAR) <- [Xanadu Country]
2026-07-01T16:17:41.788+05:30 TRACE 6720 --- [demo] [    Test worker] org.hibernate.orm.jdbc.bind              : binding parameter (2:VARCHAR) <- [XY]
2026-07-01T16:17:41.796+05:30 DEBUG 6720 --- [demo] [    Test worker] org.hibernate.SQL                        : 
    /* select
        count(*) 
    from
        Country x 
    WHERE
        x.coCode = :coCode */ select
            count(*) 
        from
            country c1_0 
        where
            c1_0.co_code=?
Hibernate: 
    /* select
        count(*) 
    from
        Country x 
    WHERE
        x.coCode = :coCode */ select
            count(*) 
        from
            country c1_0 
        where
            c1_0.co_code=?
2026-07-01T16:17:41.798+05:30 TRACE 6720 --- [demo] [    Test worker] org.hibernate.orm.jdbc.bind              : binding parameter (1:VARCHAR) <- [XY]
2026-07-01T16:17:41.879+05:30 DEBUG 6720 --- [demo] [    Test worker] org.hibernate.SQL                        : 
    /* select
        count(*) 
    from
        Country x 
    WHERE
        x.coCode = :coCode */ select
            count(*) 
        from
            country c1_0 
        where
            c1_0.co_code=?
Hibernate: 
    /* select
        count(*) 
    from
        Country x 
    WHERE
        x.coCode = :coCode */ select
            count(*) 
        from
            country c1_0 
        where
            c1_0.co_code=?
2026-07-01T16:17:41.881+05:30 TRACE 6720 --- [demo] [    Test worker] org.hibernate.orm.jdbc.bind              : binding parameter (1:VARCHAR) <- [ZZ]
2026-07-01T16:17:41.884+05:30 DEBUG 6720 --- [demo] [    Test worker] org.hibernate.SQL                        : 
    select
        c1_0.co_code,
        c1_0.co_name 
    from
        country c1_0 
    where
        c1_0.co_code=?
Hibernate: 
    select
        c1_0.co_code,
        c1_0.co_name 
    from
        country c1_0 
    where
        c1_0.co_code=?
2026-07-01T16:17:41.885+05:30 TRACE 6720 --- [demo] [    Test worker] org.hibernate.orm.jdbc.bind              : binding parameter (1:VARCHAR) <- [ZZ]
2026-07-01T16:17:41.890+05:30 DEBUG 6720 --- [demo] [    Test worker] org.hibernate.SQL                        : 
    /* insert 
    for
        com.example.demo.Country
        */insert 
    into
        country (co_name, co_code) 
    values
        (?, ?)
Hibernate: 
    /* insert 
    for
        com.example.demo.Country
        */insert 
    into
        country (co_name, co_code) 
    values
        (?, ?)
2026-07-01T16:17:41.892+05:30 TRACE 6720 --- [demo] [    Test worker] org.hibernate.orm.jdbc.bind              : binding parameter (1:VARCHAR) <- [Temp Land]
2026-07-01T16:17:41.893+05:30 TRACE 6720 --- [demo] [    Test worker] org.hibernate.orm.jdbc.bind              : binding parameter (2:VARCHAR) <- [ZZ]
2026-07-01T16:17:41.895+05:30 DEBUG 6720 --- [demo] [    Test worker] org.hibernate.SQL                        : 
    /* select
        count(*) 
    from
        Country x 
    WHERE
        x.coCode = :coCode */ select
            count(*) 
        from
            country c1_0 
        where
            c1_0.co_code=?
Hibernate: 
    /* select
        count(*) 
    from
        Country x 
    WHERE
        x.coCode = :coCode */ select
            count(*) 
        from
            country c1_0 
        where
            c1_0.co_code=?
2026-07-01T16:17:41.897+05:30 TRACE 6720 --- [demo] [    Test worker] org.hibernate.orm.jdbc.bind              : binding parameter (1:VARCHAR) <- [ZZ]
2026-07-01T16:17:41.915+05:30 DEBUG 6720 --- [demo] [    Test worker] org.hibernate.SQL                        : 
    /* delete 
    for
        com.example.demo.Country */delete 
    from
        country 
    where
        co_code=?
Hibernate: 
    /* delete 
    for
        com.example.demo.Country */delete 
    from
        country 
    where
        co_code=?
2026-07-01T16:17:41.916+05:30 TRACE 6720 --- [demo] [    Test worker] org.hibernate.orm.jdbc.bind              : binding parameter (1:VARCHAR) <- [ZZ]
2026-07-01T16:17:41.921+05:30 DEBUG 6720 --- [demo] [    Test worker] org.hibernate.SQL                        : 
    /* select
        count(*) 
    from
        Country x 
    WHERE
        x.coCode = :coCode */ select
            count(*) 
        from
            country c1_0 
        where
            c1_0.co_code=?
Hibernate: 
    /* select
        count(*) 
    from
        Country x 
    WHERE
        x.coCode = :coCode */ select
            count(*) 
        from
            country c1_0 
        where
            c1_0.co_code=?
2026-07-01T16:17:41.922+05:30 TRACE 6720 --- [demo] [    Test worker] org.hibernate.orm.jdbc.bind              : binding parameter (1:VARCHAR) <- [ZZ]
2026-07-01T16:17:41.939+05:30 DEBUG 6720 --- [demo] [    Test worker] org.hibernate.SQL                        : 
    select
        c1_0.co_code,
        c1_0.co_name 
    from
        country c1_0 
    where
        c1_0.co_code=?
Hibernate: 
    select
        c1_0.co_code,
        c1_0.co_name 
    from
        country c1_0 
    where
        c1_0.co_code=?
2026-07-01T16:17:41.941+05:30 TRACE 6720 --- [demo] [    Test worker] org.hibernate.orm.jdbc.bind              : binding parameter (1:VARCHAR) <- [IN]
2026-07-01T16:17:41.954+05:30 DEBUG 6720 --- [demo] [    Test worker] org.hibernate.SQL                        : 
    select
        c1_0.co_code,
        c1_0.co_name 
    from
        country c1_0 
    where
        c1_0.co_code=?
Hibernate: 
    select
        c1_0.co_code,
        c1_0.co_name 
    from
        country c1_0 
    where
        c1_0.co_code=?
2026-07-01T16:17:41.955+05:30 TRACE 6720 --- [demo] [    Test worker] org.hibernate.orm.jdbc.bind              : binding parameter (1:VARCHAR) <- [XX]
2026-07-01T16:17:42.091+05:30 DEBUG 6720 --- [demo] [    Test worker] org.hibernate.SQL                        : 
    /* SELECT
        c 
    FROM
        Country c 
    WHERE
        UPPER(c.coName) LIKE UPPER(:coName) ESCAPE '\' */ select
            c1_0.co_code,
            c1_0.co_name 
        from
            country c1_0 
        where
            upper(c1_0.co_name) like upper(?) escape '\'
Hibernate: 
    /* SELECT
        c 
    FROM
        Country c 
    WHERE
        UPPER(c.coName) LIKE UPPER(:coName) ESCAPE '\' */ select
            c1_0.co_code,
            c1_0.co_name 
        from
            country c1_0 
        where
            upper(c1_0.co_name) like upper(?) escape '\'
2026-07-01T16:17:42.094+05:30 TRACE 6720 --- [demo] [    Test worker] org.hibernate.orm.jdbc.bind              : binding parameter (1:VARCHAR) <- [%United%]
2026-07-01T16:17:42.111+05:30 DEBUG 6720 --- [demo] [    Test worker] org.hibernate.SQL                        : 
    /* SELECT
        c 
    FROM
        Country c 
    WHERE
        UPPER(c.coName) LIKE UPPER(:coName) ESCAPE '\' */ select
            c1_0.co_code,
            c1_0.co_name 
        from
            country c1_0 
        where
            upper(c1_0.co_name) like upper(?) escape '\'
Hibernate: 
    /* SELECT
        c 
    FROM
        Country c 
    WHERE
        UPPER(c.coName) LIKE UPPER(:coName) ESCAPE '\' */ select
            c1_0.co_code,
            c1_0.co_name 
        from
            country c1_0 
        where
            upper(c1_0.co_name) like upper(?) escape '\'
2026-07-01T16:17:42.113+05:30 TRACE 6720 --- [demo] [    Test worker] org.hibernate.orm.jdbc.bind              : binding parameter (1:VARCHAR) <- [%united%]
2026-07-01T16:17:42.121+05:30 DEBUG 6720 --- [demo] [    Test worker] org.hibernate.SQL                        : 
    /* SELECT
        c 
    FROM
        Country c 
    WHERE
        UPPER(c.coName) LIKE UPPER(:coName) ESCAPE '\' */ select
            c1_0.co_code,
            c1_0.co_name 
        from
            country c1_0 
        where
            upper(c1_0.co_name) like upper(?) escape '\'
Hibernate: 
    /* SELECT
        c 
    FROM
        Country c 
    WHERE
        UPPER(c.coName) LIKE UPPER(:coName) ESCAPE '\' */ select
            c1_0.co_code,
            c1_0.co_name 
        from
            country c1_0 
        where
            upper(c1_0.co_name) like upper(?) escape '\'
2026-07-01T16:17:42.122+05:30 TRACE 6720 --- [demo] [    Test worker] org.hibernate.orm.jdbc.bind              : binding parameter (1:VARCHAR) <- [%NonExistentCountryName%]
2026-07-01T16:17:42.144+05:30 DEBUG 6720 --- [demo] [    Test worker] org.hibernate.SQL                        : 
    select
        c1_0.co_code,
        c1_0.co_name 
    from
        country c1_0 
    where
        c1_0.co_code=?
Hibernate: 
    select
        c1_0.co_code,
        c1_0.co_name 
    from
        country c1_0 
    where
        c1_0.co_code=?
2026-07-01T16:17:42.146+05:30 TRACE 6720 --- [demo] [    Test worker] org.hibernate.orm.jdbc.bind              : binding parameter (1:VARCHAR) <- [US]
2026-07-01T16:17:42.154+05:30 DEBUG 6720 --- [demo] [    Test worker] org.hibernate.SQL                        : 
    select
        c1_0.co_code,
        c1_0.co_name 
    from
        country c1_0 
    where
        c1_0.co_code=?
Hibernate: 
    select
        c1_0.co_code,
        c1_0.co_name 
    from
        country c1_0 
    where
        c1_0.co_code=?
2026-07-01T16:17:42.155+05:30 TRACE 6720 --- [demo] [    Test worker] org.hibernate.orm.jdbc.bind              : binding parameter (1:VARCHAR) <- [XX]
]]></system-out>
  <system-err><![CDATA[]]></system-err>
</testsuite>
